

*******************************************************************************
Thu Mar 13 16:13:14 2025


FIT:    data read from 'length.dat' u 1:2:3
        format = x:z:s
        #datapoints = 11
function used for fitting: f(x)
	f(x)=A/(x-2.269)**v
fitted parameters initialized with current variable values

iter      chisq       delta/lim  lambda   A             v            
   0 3.5270166376e+04   0.00e+00  9.79e+01    1.000000e+00   1.000000e+00
   4 1.2712968170e+02  -5.92e-01  9.79e-03    1.682243e+00   7.027003e-01

After 4 iterations the fit converged.
final sum of squares of residuals : 127.13
rel. change during last iteration : -5.92263e-06

degrees of freedom    (FIT_NDF)                        : 9
rms of residuals      (FIT_STDFIT) = sqrt(WSSR/ndf)    : 3.75839
variance of residuals (reduced chisquare) = WSSR/ndf   : 14.1255
p-value of the Chisq distribution (FIT_P)              : 0

Final set of parameters            Asymptotic Standard Error
=======================            ==========================
A               = 1.68224          +/- 0.01667      (0.9908%)
v               = 0.7027           +/- 0.01746      (2.485%)

correlation matrix of the fit parameters:
                A      v      
A               1.000 
v              -0.741  1.000 


*******************************************************************************
Thu Mar 13 16:13:58 2025


FIT:    data read from 'length.dat' u 1:2:3
        format = x:z:s
        #datapoints = 11
function used for fitting: f(x)
	f(x)=A/((x-tc)**v)
fitted parameters initialized with current variable values

iter      chisq       delta/lim  lambda   A             v             tc           
   0 9.1304490993e+04   0.00e+00  5.53e+01    1.682243e+00   7.027003e-01   1.000000e+00
   7 2.7649144389e+01  -4.35e-01  5.53e-06    1.969728e+00   9.354255e-01   2.073713e+00

After 7 iterations the fit converged.
final sum of squares of residuals : 27.6491
rel. change during last iteration : -4.35088e-06

degrees of freedom    (FIT_NDF)                        : 8
rms of residuals      (FIT_STDFIT) = sqrt(WSSR/ndf)    : 1.85907
variance of residuals (reduced chisquare) = WSSR/ndf   : 3.45614
p-value of the Chisq distribution (FIT_P)              : 0.000545772

Final set of parameters            Asymptotic Standard Error
=======================            ==========================
A               = 1.96973          +/- 0.1029       (5.224%)
v               = 0.935426         +/- 0.06308      (6.744%)
tc              = 2.07371          +/- 0.05417      (2.612%)

correlation matrix of the fit parameters:
                A      v      tc     
A               1.000 
v               0.974  1.000 
tc             -0.997 -0.983  1.000 
